Error: getblockchaininfo [] getaddrinfo ENOTFOUND http://127.0.0.1 
Error: getbeaconcommitteestate [
  null
]  
Error: getbeaconcommitteestate [
  []
]  
Error: getbeaconcommitteestate [
  [
    "beaconcommittee"
  ]
]  
Error: getbeaconcommitteestate [
  [
    "beaconcommittee"
  ]
]  
Error: getbeaconcommitteestate [
  [
    "beaconcommittee"
  ]
]  
Error: getbeaconcommitteestate [
  [
    "beaconcommittee"
  ]
]  
Error: getbeaconcommitteestate [
  [
    "beaconcommittee"
  ]
]  
Error: getbeaconcommitteestate [
  "beaconcommittee"
]  
Error: getbeaconcommitteestate [
  "beaconcommittee"
]  
Error: getbeaconcommitteestate [
  0
] connect ECONNREFUSED 127.0.0.1:20000 
Error: getbeaconcommitteestate [
  0
] connect ECONNREFUSED 127.0.0.1:20000 
Error: getbeaconcommitteestate [
  0
] connect ECONNREFUSED 127.0.0.1:20000 
Error: getbeaconcommitteestate [
  0
] connect ECONNREFUSED 127.0.0.1:20000 
Error: getbeaconcommitteestate [
  0
] connect ECONNREFUSED 127.0.0.1:20000 
Error: getbeaconcommitteestate [
  0
] socket hang up 
Error: getbeaconcommitteestate [
  0
] connect ECONNREFUSED 127.0.0.1:20000 
Error: getbeaconcommitteestate [
  0
] connect ECONNREFUSED 127.0.0.1:20000 
Error: getbeaconcommitteestate [
  0
] connect ECONNREFUSED 127.0.0.1:20000 
Error: getbeaconcommitteestate [
  0
]  
Error: getbeaconcommitteestate [
  0
]  
Error: getbeaconcommitteestate [
  0
]  
Error: getbeaconcommitteestate [
  0
]  
Error: getbeaconcommitteestate [
  0
] connect ECONNREFUSED 127.0.0.1:20000 
Error: getbeaconcommitteestate [
  0
] connect ECONNREFUSED 127.0.0.1:20000 
Error: getbeaconcommitteestate [
  0
] connect ECONNREFUSED 127.0.0.1:20000 
Error: getbalancebyprivatekey [
  "112t8roqHwjJypQ4jFRqxWyW8mdpZrNeHgPVTTR9x1LZ1icEFcGjkV2nwd5aCNzM21PgD59m8mfsDzrYG6P1T3xgriQ4CWdKsQZDaVrz3XiN"
] {"Code":-1,"Message":"Unexpected error","StackTrace":"-1: OTA Key {ee32ea5f60457f37136511e9d2591ef189ba65478d69517cd8afaa4df266e000 d0e50f873c33221602afd5e63f3bd918c5464d43af036bb7ab5116a032787301} not synced\nUnexpected error\ngithub.com/incognitochain/incognito-chain/rpcserver/rpcservice.NewRPCError\n\t/home/david/WORK/Autonomous/incognito-chain/rpcserver/rpcservice/error.go:353\ngithub.com/incognitochain/incognito-chain/rpcserver/rpcservice.WalletService.GetBalanceByPrivateKey\n\t/home/david/WORK/Autonomous/incognito-chain/rpcserver/rpcservice/walletservice.go:153\ngithub.com/incognitochain/incognito-chain/rpcserver.(*HttpServer).handleGetBalanceByPrivatekey\n\t/home/david/WORK/Autonomous/incognito-chain/rpcserver/http_wallet.go:269\ngithub.com/incognitochain/incognito-chain/rpcserver.(*HttpServer).ProcessRpcRequest\n\t/home/david/WORK/Autonomous/incognito-chain/rpcserver/http.go:325\ngithub.com/incognitochain/incognito-chain/rpcserver.(*HttpServer).handleRequest.func2\n\t/home/david/WORK/Autonomous/incognito-chain/rpcserver/http.go:188\nruntime.goexit\n\t/home/david/WORK/go17/src/runtime/asm_amd64.s:1581 "} 
Error: getbalancebyprivatekey [
  "12swH16Ue73Mna2RTJb9XWxmHjRW3cRLeywLE8ZFrw4HeBVTiNDWffhXnnp2s52uxsKmK1wjCmKhNJvHezy8hdV5TJYZU7L1Y7K6mRdYfF6n2QQWP4SJ8vSEKTEHnNzERKnAYh8nFdGEAUfJ5kGv"
] {"Code":-1003,"Message":"Invalid parameters","StackTrace":"-1003: OTA Public Key not found\ngithub.com/incognitochain/incognito-chain/rpcserver/rpcservice.GetKeySetFromPrivateKeyParams\n\t/home/david/WORK/Autonomous/incognito-chain/rpcserver/rpcservice/commonservice.go:238\ngithub.com/incognitochain/incognito-chain/rpcserver/rpcservice.WalletService.GetBalanceByPrivateKey\n\t/home/david/WORK/Autonomous/incognito-chain/rpcserver/rpcservice/walletservice.go:137\ngithub.com/incognitochain/incognito-chain/rpcserver.(*HttpServer).handleGetBalanceByPrivatekey\n\t/home/david/WORK/Autonomous/incognito-chain/rpcserver/http_wallet.go:269\ngithub.com/incognitochain/incognito-chain/rpcserver.(*HttpServer).ProcessRpcRequest\n\t/home/david/WORK/Autonomous/incognito-chain/rpcserver/http.go:325\ngithub.com/incognitochain/incognito-chain/rpcserver.(*HttpServer).handleRequest.func2\n\t/home/david/WORK/Autonomous/incognito-chain/rpcserver/http.go:188\nruntime.goexit\n\t/home/david/WORK/go17/src/runtime/asm_amd64.s:1581\nInvalid parameters\ngithub.com/incognitochain/incognito-chain/rpcserver/rpcservice.NewRPCError\n\t/home/david/WORK/Autonomous/incognito-chain/rpcserver/rpcservice/error.go:353\ngithub.com/incognitochain/incognito-chain/rpcserver/rpcservice.WalletService.GetBalanceByPrivateKey\n\t/home/david/WORK/Autonomous/incognito-chain/rpcserver/rpcservice/walletservice.go:139\ngithub.com/incognitochain/incognito-chain/rpcserver.(*HttpServer).handleGetBalanceByPrivatekey\n\t/home/david/WORK/Autonomous/incognito-chain/rpcserver/http_wallet.go:269\ngithub.com/incognitochain/incognito-chain/rpcserver.(*HttpServer).ProcessRpcRequest\n\t/home/david/WORK/Autonomous/incognito-chain/rpcserver/http.go:325\ngithub.com/incognitochain/incognito-chain/rpcserver.(*HttpServer).handleRequest.func2\n\t/home/david/WORK/Autonomous/incognito-chain/rpcserver/http.go:188\nruntime.goexit\n\t/home/david/WORK/go17/src/runtime/asm_amd64.s:1581 "} 
Error: getbeaconcommitteestate [
  0
] connect ECONNREFUSED 127.0.0.1:20004 
